2025-07-07 14:51:05,059 - INFO - Model: "functional"
┏━━━━━━━━━━━━━━━━━━━━━━━━━━━━━━━┳━━━━━━━━━━━━━━━━━━━━━━━━━━━┳━━━━━━━━━━━━━━━━━┳━━━━━━━━━━━━━━━━━━━━━━━━━━━━┓
┃ Layer (type)                  ┃ Output Shape              ┃         Param # ┃ Connected to               ┃
┡━━━━━━━━━━━━━━━━━━━━━━━━━━━━━━━╇━━━━━━━━━━━━━━━━━━━━━━━━━━━╇━━━━━━━━━━━━━━━━━╇━━━━━━━━━━━━━━━━━━━━━━━━━━━━┩
│ title (InputLayer)            │ (None, 286)               │               0 │ -                          │
├───────────────────────────────┼───────────────────────────┼─────────────────┼────────────────────────────┤
│ text (InputLayer)             │ (None, 1000)              │               0 │ -                          │
├───────────────────────────────┼───────────────────────────┼─────────────────┼────────────────────────────┤
│ subject (InputLayer)          │ (None, 15)                │               0 │ -                          │
├───────────────────────────────┼───────────────────────────┼─────────────────┼────────────────────────────┤
│ embed0 (Embedding)            │ (None, 286, 50)           │      11,200,500 │ title[0][0]                │
├───────────────────────────────┼───────────────────────────┼─────────────────┼────────────────────────────┤
│ embed1 (Embedding)            │ (None, 1000, 50)          │      11,200,500 │ text[0][0]                 │
├───────────────────────────────┼───────────────────────────┼─────────────────┼────────────────────────────┤
│ embed2 (Embedding)            │ (None, 15, 50)            │      11,200,500 │ subject[0][0]              │
├───────────────────────────────┼───────────────────────────┼─────────────────┼────────────────────────────┤
│ input_date (InputLayer)       │ (None, 3)                 │               0 │ -                          │
├───────────────────────────────┼───────────────────────────┼─────────────────┼────────────────────────────┤
│ lstm0 (LSTM)                  │ (None, 64)                │          29,440 │ embed0[0][0]               │
├───────────────────────────────┼───────────────────────────┼─────────────────┼────────────────────────────┤
│ lstm1 (LSTM)                  │ (None, 64)                │          29,440 │ embed1[0][0]               │
├───────────────────────────────┼───────────────────────────┼─────────────────┼────────────────────────────┤
│ lstm2 (LSTM)                  │ (None, 64)                │          29,440 │ embed2[0][0]               │
├───────────────────────────────┼───────────────────────────┼─────────────────┼────────────────────────────┤
│ date_dense (Dense)            │ (None, 16)                │              64 │ input_date[0][0]           │
├───────────────────────────────┼───────────────────────────┼─────────────────┼────────────────────────────┤
│ concatenate (Concatenate)     │ (None, 208)               │               0 │ lstm0[0][0], lstm1[0][0],  │
│                               │                           │                 │ lstm2[0][0],               │
│                               │                           │                 │ date_dense[0][0]           │
├───────────────────────────────┼───────────────────────────┼─────────────────┼────────────────────────────┤
│ output (Dense)                │ (None, 1)                 │             209 │ concatenate[0][0]          │
└───────────────────────────────┴───────────────────────────┴─────────────────┴────────────────────────────┘
 Total params: 33,690,093 (128.52 MB)
 Trainable params: 33,690,093 (128.52 MB)
 Non-trainable params: 0 (0.00 B)

2025-07-07 15:00:27,718 - INFO - Model: "functional"
┏━━━━━━━━━━━━━━━━━━━━━━━━━━━━━━━┳━━━━━━━━━━━━━━━━━━━━━━━━━━━┳━━━━━━━━━━━━━━━━━┳━━━━━━━━━━━━━━━━━━━━━━━━━━━━┓
┃ Layer (type)                  ┃ Output Shape              ┃         Param # ┃ Connected to               ┃
┡━━━━━━━━━━━━━━━━━━━━━━━━━━━━━━━╇━━━━━━━━━━━━━━━━━━━━━━━━━━━╇━━━━━━━━━━━━━━━━━╇━━━━━━━━━━━━━━━━━━━━━━━━━━━━┩
│ title (InputLayer)            │ (None, 286)               │               0 │ -                          │
├───────────────────────────────┼───────────────────────────┼─────────────────┼────────────────────────────┤
│ text (InputLayer)             │ (None, 1000)              │               0 │ -                          │
├───────────────────────────────┼───────────────────────────┼─────────────────┼────────────────────────────┤
│ subject (InputLayer)          │ (None, 15)                │               0 │ -                          │
├───────────────────────────────┼───────────────────────────┼─────────────────┼────────────────────────────┤
│ embed0 (Embedding)            │ (None, 286, 50)           │      11,200,500 │ title[0][0]                │
├───────────────────────────────┼───────────────────────────┼─────────────────┼────────────────────────────┤
│ embed1 (Embedding)            │ (None, 1000, 50)          │      11,200,500 │ text[0][0]                 │
├───────────────────────────────┼───────────────────────────┼─────────────────┼────────────────────────────┤
│ embed2 (Embedding)            │ (None, 15, 50)            │      11,200,500 │ subject[0][0]              │
├───────────────────────────────┼───────────────────────────┼─────────────────┼────────────────────────────┤
│ input_date (InputLayer)       │ (None, 3)                 │               0 │ -                          │
├───────────────────────────────┼───────────────────────────┼─────────────────┼────────────────────────────┤
│ lstm0 (LSTM)                  │ (None, 64)                │          29,440 │ embed0[0][0]               │
├───────────────────────────────┼───────────────────────────┼─────────────────┼────────────────────────────┤
│ lstm1 (LSTM)                  │ (None, 64)                │          29,440 │ embed1[0][0]               │
├───────────────────────────────┼───────────────────────────┼─────────────────┼────────────────────────────┤
│ lstm2 (LSTM)                  │ (None, 64)                │          29,440 │ embed2[0][0]               │
├───────────────────────────────┼───────────────────────────┼─────────────────┼────────────────────────────┤
│ date_dense (Dense)            │ (None, 16)                │              64 │ input_date[0][0]           │
├───────────────────────────────┼───────────────────────────┼─────────────────┼────────────────────────────┤
│ concatenate (Concatenate)     │ (None, 208)               │               0 │ lstm0[0][0], lstm1[0][0],  │
│                               │                           │                 │ lstm2[0][0],               │
│                               │                           │                 │ date_dense[0][0]           │
├───────────────────────────────┼───────────────────────────┼─────────────────┼────────────────────────────┤
│ output (Dense)                │ (None, 1)                 │             209 │ concatenate[0][0]          │
└───────────────────────────────┴───────────────────────────┴─────────────────┴────────────────────────────┘
 Total params: 33,690,093 (128.52 MB)
 Trainable params: 33,690,093 (128.52 MB)
 Non-trainable params: 0 (0.00 B)

2025-07-07 15:56:33,729 - INFO - Training history:
2025-07-07 15:56:33,744 - INFO - Epoch 1: accuracy=0.9884, loss=0.0247, val_accuracy=1.0000, val_loss=0.0001
2025-07-07 15:56:33,744 - INFO - Epoch 2: accuracy=1.0000, loss=0.0001, val_accuracy=1.0000, val_loss=0.0000
2025-07-07 15:56:33,744 - INFO - Epoch 3: accuracy=1.0000, loss=0.0000, val_accuracy=1.0000, val_loss=0.0000
2025-07-07 15:56:33,744 - INFO - Epoch 4: accuracy=1.0000, loss=0.0000, val_accuracy=1.0000, val_loss=0.0000
2025-07-08 11:21:26,493 - INFO - Model: "functional"
┏━━━━━━━━━━━━━━━━━━━━━━━━━━━━━━━┳━━━━━━━━━━━━━━━━━━━━━━━━━━━┳━━━━━━━━━━━━━━━━━┳━━━━━━━━━━━━━━━━━━━━━━━━━━━━┓
┃ Layer (type)                  ┃ Output Shape              ┃         Param # ┃ Connected to               ┃
┡━━━━━━━━━━━━━━━━━━━━━━━━━━━━━━━╇━━━━━━━━━━━━━━━━━━━━━━━━━━━╇━━━━━━━━━━━━━━━━━╇━━━━━━━━━━━━━━━━━━━━━━━━━━━━┩
│ title (InputLayer)            │ (None, 286)               │               0 │ -                          │
├───────────────────────────────┼───────────────────────────┼─────────────────┼────────────────────────────┤
│ text (InputLayer)             │ (None, 1000)              │               0 │ -                          │
├───────────────────────────────┼───────────────────────────┼─────────────────┼────────────────────────────┤
│ subject (InputLayer)          │ (None, 15)                │               0 │ -                          │
├───────────────────────────────┼───────────────────────────┼─────────────────┼────────────────────────────┤
│ embed_title (Embedding)       │ (None, 286, 50)           │      11,200,500 │ title[0][0]                │
├───────────────────────────────┼───────────────────────────┼─────────────────┼────────────────────────────┤
│ embed_text (Embedding)        │ (None, 1000, 50)          │      11,200,500 │ text[0][0]                 │
├───────────────────────────────┼───────────────────────────┼─────────────────┼────────────────────────────┤
│ embed_subject (Embedding)     │ (None, 15, 50)            │      11,200,500 │ subject[0][0]              │
├───────────────────────────────┼───────────────────────────┼─────────────────┼────────────────────────────┤
│ input_date (InputLayer)       │ (None, 3)                 │               0 │ -                          │
├───────────────────────────────┼───────────────────────────┼─────────────────┼────────────────────────────┤
│ lstm_title (LSTM)             │ (None, 64)                │          29,440 │ embed_title[0][0]          │
├───────────────────────────────┼───────────────────────────┼─────────────────┼────────────────────────────┤
│ lstm_text (LSTM)              │ (None, 64)                │          29,440 │ embed_text[0][0]           │
├───────────────────────────────┼───────────────────────────┼─────────────────┼────────────────────────────┤
│ lstm_subject (LSTM)           │ (None, 64)                │          29,440 │ embed_subject[0][0]        │
├───────────────────────────────┼───────────────────────────┼─────────────────┼────────────────────────────┤
│ date_dense (Dense)            │ (None, 16)                │              64 │ input_date[0][0]           │
├───────────────────────────────┼───────────────────────────┼─────────────────┼────────────────────────────┤
│ concatenate (Concatenate)     │ (None, 208)               │               0 │ lstm_title[0][0],          │
│                               │                           │                 │ lstm_text[0][0],           │
│                               │                           │                 │ lstm_subject[0][0],        │
│                               │                           │                 │ date_dense[0][0]           │
├───────────────────────────────┼───────────────────────────┼─────────────────┼────────────────────────────┤
│ output (Dense)                │ (None, 1)                 │             209 │ concatenate[0][0]          │
└───────────────────────────────┴───────────────────────────┴─────────────────┴────────────────────────────┘
 Total params: 33,690,093 (128.52 MB)
 Trainable params: 33,690,093 (128.52 MB)
 Non-trainable params: 0 (0.00 B)

2025-07-08 12:17:18,242 - INFO - Training history:
2025-07-08 12:17:18,279 - INFO - Epoch 1: accuracy=0.9832, loss=0.0333, val_accuracy=1.0000, val_loss=0.0001
2025-07-08 12:17:18,280 - INFO - Epoch 2: accuracy=1.0000, loss=0.0001, val_accuracy=1.0000, val_loss=0.0000
2025-07-08 12:17:18,280 - INFO - Epoch 3: accuracy=1.0000, loss=0.0000, val_accuracy=1.0000, val_loss=0.0000
2025-07-08 12:17:18,281 - INFO - Epoch 4: accuracy=1.0000, loss=0.0000, val_accuracy=1.0000, val_loss=0.0000
2025-07-08 12:17:38,769 - INFO - Confusion matrix for test set
2025-07-08 12:17:38,770 - INFO - -----------------------------
2025-07-08 12:17:38,915 - INFO - [[3795    0]
 [   0  675]]
2025-07-08 12:17:38,928 - INFO - Accuracy score: 1.0
